<?xml version="1.0" encoding="UTF-8"?>
<!-- Generated by org.testng.reporters.JUnitReportReporter -->
<testsuite hostname="DESKTOP-LMPQUOV" failures="0" tests="1" name="practice.DemoTest" time="0.010" errors="0" timestamp="2022-10-13T13:26:31 IST" skipped="0">
  <testcase classname="practice.DemoTest" name="method" time="0.010"/>
  <system-out/>
</testsuite> <!-- practice.DemoTest -->
