<?xml version="1.0" encoding="UTF-8"?>
<!-- Generated by org.testng.reporters.JUnitReportReporter -->
<testsuite hostname="DESKTOP-LMPQUOV" failures="0" tests="2" name="practice.softassert" time="0.029" errors="0" timestamp="2022-10-13T13:35:44 IST" skipped="0">
  <testcase classname="practice.softassert" name="modifycustomerTest" time="0.004"/>
  <system-out/>
  <testcase classname="practice.softassert" name="createcustomerTest" time="0.025"/>
  <system-out/>
</testsuite> <!-- practice.softassert -->
