<?xml version="1.0" encoding="UTF-8"?>
<!-- Generated by org.testng.reporters.JUnitReportReporter -->
<testsuite hostname="DESKTOP-LMPQUOV" failures="0" tests="1" name="com.crm.Generic_Utilities.BaseClass1" time="0.017" errors="0" timestamp="2022-10-10T17:36:23 IST" skipped="0">
  <testcase classname="com.crm.Generic_Utilities.BaseClass1" name="BS" time="0.017"/>
  <system-out/>
</testsuite> <!-- com.crm.Generic_Utilities.BaseClass1 -->
