<?xml version="1.0" encoding="UTF-8"?>
<!-- Generated by org.testng.reporters.JUnitReportReporter -->
<testsuite hostname="DESKTOP-LMPQUOV" failures="0" tests="3" name="practice.Demo4" time="0.015" errors="0" timestamp="2022-10-13T13:26:31 IST" skipped="0">
  <testcase classname="practice.Demo4" name="createcustomer" time="0.003"/>
  <system-out/>
  <testcase classname="practice.Demo4" name="createstudent" time="0.005"/>
  <system-out/>
  <testcase classname="practice.Demo4" name="createemployee" time="0.007"/>
  <system-out/>
</testsuite> <!-- practice.Demo4 -->
