<?xml version="1.0" encoding="UTF-8"?>
<!-- Generated by org.testng.reporters.JUnitReportReporter -->
<testsuite hostname="DESKTOP-LMPQUOV" failures="0" tests="1" name="com.crm.Organization.organization" time="0.002" errors="0" timestamp="2022-10-13T13:26:31 IST" skipped="0">
  <testcase classname="com.crm.Organization.organization" name="methodtest" time="0.002"/>
  <system-out/>
</testsuite> <!-- com.crm.Organization.organization -->
