<?xml version="1.0" encoding="UTF-8"?>
<!-- Generated by org.testng.reporters.JUnitReportReporter -->
<testsuite hostname="DESKTOP-LMPQUOV" failures="0" tests="1" name="com.crc.Campaign.CreateCampaigntest" time="41.346" errors="0" timestamp="2022-10-13T13:26:31 IST" skipped="0">
  <testcase classname="com.crc.Campaign.CreateCampaigntest" name="CreateCampaignTest" time="41.346"/>
  <system-out/>
</testsuite> <!-- com.crc.Campaign.CreateCampaigntest -->
