<?xml version="1.0" encoding="UTF-8"?>
<!-- Generated by org.testng.reporters.JUnitReportReporter -->
<testsuite hostname="DESKTOP-LMPQUOV" failures="0" tests="1" name="com.crc.Products.CreateProductstest" time="46.365" errors="0" timestamp="2022-10-13T13:26:31 IST" skipped="0">
  <testcase classname="com.crc.Products.CreateProductstest" name="CreateProductsTest" time="46.365"/>
  <system-out/>
</testsuite> <!-- com.crc.Products.CreateProductstest -->
