<?xml version="1.0" encoding="UTF-8"?>
<!-- Generated by org.testng.reporters.JUnitReportReporter -->
<testsuite hostname="DESKTOP-LMPQUOV" failures="0" tests="3" name="practice.Demo2" time="0.017" errors="0" timestamp="2022-10-13T13:26:31 IST" skipped="0">
  <testcase classname="practice.Demo2" name="createCustomer" time="0.007"/>
  <system-out/>
  <testcase classname="practice.Demo2" name="createEmployee" time="0.006"/>
  <system-out/>
  <testcase classname="practice.Demo2" name="createstudent" time="0.004"/>
  <system-out/>
</testsuite> <!-- practice.Demo2 -->
