<?xml version="1.0" encoding="UTF-8"?>
<!-- Generated by org.testng.reporters.JUnitReportReporter -->
<testsuite hostname="DESKTOP-LMPQUOV" failures="0" tests="3" name="practice.Demo3" time="0.009" errors="0" timestamp="2022-10-13T13:26:31 IST" skipped="0">
  <testcase classname="practice.Demo3" name="createEmployee" time="0.004"/>
  <system-out/>
  <testcase classname="practice.Demo3" name="createCustomer" time="0.003"/>
  <system-out/>
  <testcase classname="practice.Demo3" name="createstudent" time="0.002"/>
  <system-out/>
</testsuite> <!-- practice.Demo3 -->
