<?xml version="1.0" encoding="UTF-8"?>
<!-- Generated by org.testng.reporters.JUnitReportReporter -->
<testsuite hostname="DESKTOP-LMPQUOV" failures="0" tests="1" name="com.crm.Organization.Createorganizationtest" time="113.116" errors="0" timestamp="2022-10-13T13:26:31 IST" skipped="0">
  <testcase classname="com.crm.Organization.Createorganizationtest" name="createorganizationTest" time="113.116"/>
  <system-out/>
</testsuite> <!-- com.crm.Organization.Createorganizationtest -->
