<?xml version="1.0" encoding="UTF-8"?>
<!-- Generated by org.testng.reporters.JUnitReportReporter -->
<testsuite hostname="DESKTOP-LMPQUOV" failures="0" tests="1" name="practice.Demo1" time="0.002" errors="0" timestamp="2022-10-13T13:26:31 IST" skipped="0">
  <testcase classname="practice.Demo1" name="createCustomer" time="0.002"/>
  <system-out/>
</testsuite> <!-- practice.Demo1 -->
